#
# There is insufficient memory for the Java Runtime Environment to continue.
# Native memory allocation (mmap) failed to map 8000634880 bytes for Failed to commit area from 0x0000000584000000 to 0x0000000760e00000 of length 8000634880.
# Possible reasons:
#   The system is out of physical RAM or swap space
#   The process is running with CompressedOops enabled, and the Java Heap may be blocking the growth of the native heap
# Possible solutions:
#   Reduce memory load on the system
#   Increase physical memory or swap space
#   Check if swap backing store is full
#   Decrease Java heap size (-Xmx/-Xms)
#   Decrease number of Java threads
#   Decrease Java thread stack sizes (-Xss)
#   Set larger code cache with -XX:ReservedCodeCacheSize=
#   JVM is running with Zero Based Compressed Oops mode in which the Java heap is
#     placed in the first 32GB address space. The Java Heap base address is the
#     maximum limit for the native heap growth. Please use -XX:HeapBaseMinAddress
#     to set the Java Heap base and to place the Java Heap above 32GB virtual address.
# This output file may be truncated or incomplete.
#
#  Out of Memory Error (./open/src/hotspot/os/windows/os_windows.cpp:3273), pid=6408, tid=6516
#
# JRE version: Java(TM) SE Runtime Environment 18.9 (11.0.11+9) (build 11.0.11+9-LTS-194)
# Java VM: Java HotSpot(TM) 64-Bit Server VM 18.9 (11.0.11+9-LTS-194, mixed mode, tiered, compressed oops, g1 gc, windows-amd64)
# No core dump will be written. Minidumps are not enabled by default on client versions of Windows
#

---------------  S U M M A R Y ------------

Command Line: -Xmx10g -javaagent:C:\Program Files\JetBrains\IntelliJ IDEA Community Edition 2021.1.2\lib\idea_rt.jar=49950:C:\Program Files\JetBrains\IntelliJ IDEA Community Edition 2021.1.2\bin -Dfile.encoding=UTF-8 com.metanit.exceptions.Demo2

Host: Intel(R) Pentium(R) CPU 987 @ 1.50GHz, 2 cores, 3G,  Windows 7 , 64 bit Build 7601 (6.1.7601.24545)
Time: Wed Jun 16 22:46:07 2021 RTZ 2 (ceia) elapsed time: 2.511683 seconds (0d 0h 0m 2s)

---------------  T H R E A D  ---------------

Current thread (0x000000000023a000):  JavaThread "main" [_thread_in_vm, id=6516, stack(0x0000000001dd0000,0x0000000001ed0000)]

Stack: [0x0000000001dd0000,0x0000000001ed0000]
Native frames: (J=compiled Java code, j=interpreted, Vv=VM code, C=native code)
V  [jvm.dll+0x616f2a]
V  [jvm.dll+0x74de7f]
V  [jvm.dll+0x74f505]
V  [jvm.dll+0x74fb83]
V  [jvm.dll+0x2436d8]
V  [jvm.dll+0x61431a]
V  [jvm.dll+0x6090f5]
V  [jvm.dll+0x2f7eec]
V  [jvm.dll+0x2f7d72]
V  [jvm.dll+0x2fca26]
V  [jvm.dll+0x33efef]
V  [jvm.dll+0x33ea20]
V  [jvm.dll+0x2d5e3c]
V  [jvm.dll+0x2d1d3f]
V  [jvm.dll+0x5af4b2]
V  [jvm.dll+0x5aefd7]
V  [jvm.dll+0x1e85fd]
V  [jvm.dll+0x728247]
V  [jvm.dll+0x361b74]
C  0x000000000a58e834

Java frames: (J=compiled Java code, j=interpreted, Vv=VM code)
j  com.metanit.exceptions.Demo2.main([Ljava/lang/String;)V+2
v  ~StubRoutines::call_stub

---------------  P R O C E S S  ---------------

Threads class SMR info:
_java_thread_list=0x0000000035822a50, length=11, elements={
0x000000000023a000, 0x00000000349bb000, 0x00000000349bc800, 0x00000000349b7800,
0x00000000349cb000, 0x00000000349cf000, 0x0000000034a35000, 0x0000000034a36800,
0x00000000356d0800, 0x000000003589c000, 0x00000000358a1000
}

Java Threads: ( => current thread )
=>0x000000000023a000 JavaThread "main" [_thread_in_vm, id=6516, stack(0x0000000001dd0000,0x0000000001ed0000)]
  0x00000000349bb000 JavaThread "Reference Handler" daemon [_thread_blocked, id=7672, stack(0x0000000034ba0000,0x0000000034ca0000)]
  0x00000000349bc800 JavaThread "Finalizer" daemon [_thread_blocked, id=2472, stack(0x0000000034da0000,0x0000000034ea0000)]
  0x00000000349b7800 JavaThread "Signal Dispatcher" daemon [_thread_blocked, id=8048, stack(0x0000000034ee0000,0x0000000034fe0000)]
  0x00000000349cb000 JavaThread "Attach Listener" daemon [_thread_blocked, id=6652, stack(0x0000000034fe0000,0x00000000350e0000)]
  0x00000000349cf000 JavaThread "C2 CompilerThread0" daemon [_thread_blocked, id=5392, stack(0x00000000350e0000,0x00000000351e0000)]
  0x0000000034a35000 JavaThread "C1 CompilerThread0" daemon [_thread_blocked, id=7900, stack(0x00000000351f0000,0x00000000352f0000)]
  0x0000000034a36800 JavaThread "Sweeper thread" daemon [_thread_blocked, id=6624, stack(0x00000000354d0000,0x00000000355d0000)]
  0x00000000356d0800 JavaThread "Common-Cleaner" daemon [_thread_blocked, id=6812, stack(0x0000000035370000,0x0000000035470000)]
  0x000000003589c000 JavaThread "Monitor Ctrl-Break" daemon [_thread_blocked, id=3848, stack(0x0000000035aa0000,0x0000000035ba0000)]
  0x00000000358a1000 JavaThread "Service Thread" daemon [_thread_blocked, id=6996, stack(0x0000000035cc0000,0x0000000035dc0000)]

Other Threads:
  0x00000000349a8800 VMThread "VM Thread" [stack: 0x0000000034a90000,0x0000000034b90000] [id=6552]
  0x00000000358b4800 WatcherThread [stack: 0x0000000035dc0000,0x0000000035ec0000] [id=7284]
  0x0000000000250000 GCTaskThread "GC Thread#0" [stack: 0x0000000019810000,0x0000000019910000] [id=8188]
  0x00000000358b7800 GCTaskThread "GC Thread#1" [stack: 0x0000000035f30000,0x0000000036030000] [id=2056]
  0x0000000031744800 ConcurrentGCThread "G1 Main Marker" [stack: 0x0000000031840000,0x0000000031940000] [id=8172]
  0x0000000031746000 ConcurrentGCThread "G1 Conc#0" [stack: 0x0000000031ae0000,0x0000000031be0000] [id=8136]
  0x000000003178c000 ConcurrentGCThread "G1 Refine#0" [stack: 0x0000000033d70000,0x0000000033e70000] [id=5856]
  0x000000003178d000 ConcurrentGCThread "G1 Young RemSet Sampling" [stack: 0x0000000033f70000,0x0000000034070000] [id=6232]

Threads with active compile tasks:

VM state:not at safepoint (normal execution)

VM Mutex/Monitor currently owned by a thread:  ([mutex/lock_event])
[0x0000000000237c20] Heap_lock - owner thread: 0x000000000023a000

Heap address: 0x0000000580000000, size: 10240 MB, Compressed Oops mode: Zero based, Oop shift amount: 3
Narrow klass base: 0x0000000800000000, Narrow klass shift: 0
Compressed class space size: 1073741824 Address: 0x0000000800000000

Heap:
 garbage-first heap   total 7878656K, used 802K [0x0000000580000000, 0x0000000800000000)
  region size 2048K, 1 young (2048K), 1 survivors (2048K)
 Metaspace       used 6079K, capacity 6155K, committed 6272K, reserved 1056768K
  class space    used 527K, capacity 538K, committed 640K, reserved 1048576K
Heap Regions: E=young(eden), S=young(survivor), O=old, HS=humongous(starts), HC=humongous(continues), CS=collection set, F=free, A=archive, TAMS=top-at-mark-start (previous, next)
|   0|0x0000000580000000, 0x0000000580000000, 0x0000000580200000|  0%| F|  |TAMS 0x0000000580000000, 0x0000000580000000| Untracked 
|   1|0x0000000580200000, 0x0000000580200000, 0x0000000580400000|  0%| F|  |TAMS 0x0000000580200000, 0x0000000580200000| Untracked 
|   2|0x0000000580400000, 0x0000000580400000, 0x0000000580600000|  0%| F|  |TAMS 0x0000000580400000, 0x0000000580400000| Untracked 
|   3|0x0000000580600000, 0x0000000580600000, 0x0000000580800000|  0%| F|  |TAMS 0x0000000580600000, 0x0000000580600000| Untracked 
|   4|0x0000000580800000, 0x0000000580800000, 0x0000000580a00000|  0%| F|  |TAMS 0x0000000580800000, 0x0000000580800000| Untracked 
|   5|0x0000000580a00000, 0x0000000580a00000, 0x0000000580c00000|  0%| F|  |TAMS 0x0000000580a00000, 0x0000000580a00000| Untracked 
|   6|0x0000000580c00000, 0x0000000580c00000, 0x0000000580e00000|  0%| F|  |TAMS 0x0000000580c00000, 0x0000000580c00000| Untracked 
|   7|0x0000000580e00000, 0x0000000580e00000, 0x0000000581000000|  0%| F|  |TAMS 0x0000000580e00000, 0x0000000580e00000| Untracked 
|   8|0x0000000581000000, 0x0000000581000000, 0x0000000581200000|  0%| F|  |TAMS 0x0000000581000000, 0x0000000581000000| Untracked 
|   9|0x0000000581200000, 0x0000000581200000, 0x0000000581400000|  0%| F|  |TAMS 0x0000000581200000, 0x0000000581200000| Untracked 
|  10|0x0000000581400000, 0x0000000581400000, 0x0000000581600000|  0%| F|  |TAMS 0x0000000581400000, 0x0000000581400000| Untracked 
|  11|0x0000000581600000, 0x0000000581600000, 0x0000000581800000|  0%| F|  |TAMS 0x0000000581600000, 0x0000000581600000| Untracked 
|  12|0x0000000581800000, 0x0000000581800000, 0x0000000581a00000|  0%| F|  |TAMS 0x0000000581800000, 0x0000000581800000| Untracked 
|  13|0x0000000581a00000, 0x0000000581a00000, 0x0000000581c00000|  0%| F|  |TAMS 0x0000000581a00000, 0x0000000581a00000| Untracked 
|  14|0x0000000581c00000, 0x0000000581c00000, 0x0000000581e00000|  0%| F|  |TAMS 0x0000000581c00000, 0x0000000581c00000| Untracked 
|  15|0x0000000581e00000, 0x0000000581e00000, 0x0000000582000000|  0%| F|  |TAMS 0x0000000581e00000, 0x0000000581e00000| Untracked 
|  16|0x0000000582000000, 0x0000000582000000, 0x0000000582200000|  0%| F|  |TAMS 0x0000000582000000, 0x0000000582000000| Untracked 
|  17|0x0000000582200000, 0x0000000582200000, 0x0000000582400000|  0%| F|  |TAMS 0x0000000582200000, 0x0000000582200000| Untracked 
|  18|0x0000000582400000, 0x0000000582400000, 0x0000000582600000|  0%| F|  |TAMS 0x0000000582400000, 0x0000000582400000| Untracked 
|  19|0x0000000582600000, 0x0000000582600000, 0x0000000582800000|  0%| F|  |TAMS 0x0000000582600000, 0x0000000582600000| Untracked 
|  20|0x0000000582800000, 0x0000000582800000, 0x0000000582a00000|  0%| F|  |TAMS 0x0000000582800000, 0x0000000582800000| Untracked 
|  21|0x0000000582a00000, 0x0000000582a00000, 0x0000000582c00000|  0%| F|  |TAMS 0x0000000582a00000, 0x0000000582a00000| Untracked 
|  22|0x0000000582c00000, 0x0000000582c00000, 0x0000000582e00000|  0%| F|  |TAMS 0x0000000582c00000, 0x0000000582c00000| Untracked 
|  23|0x0000000582e00000, 0x0000000582e00000, 0x0000000583000000|  0%| F|  |TAMS 0x0000000582e00000, 0x0000000582e00000| Untracked 
|  24|0x0000000583000000, 0x0000000583000000, 0x0000000583200000|  0%| F|  |TAMS 0x0000000583000000, 0x0000000583000000| Untracked 
|  25|0x0000000583200000, 0x0000000583200000, 0x0000000583400000|  0%| F|  |TAMS 0x0000000583200000, 0x0000000583200000| Untracked 
|  26|0x0000000583400000, 0x0000000583400000, 0x0000000583600000|  0%| F|  |TAMS 0x0000000583400000, 0x0000000583400000| Untracked 
|  27|0x0000000583600000, 0x0000000583600000, 0x0000000583800000|  0%| F|  |TAMS 0x0000000583600000, 0x0000000583600000| Untracked 
|  28|0x0000000583800000, 0x0000000583800000, 0x0000000583a00000|  0%| F|  |TAMS 0x0000000583800000, 0x0000000583800000| Untracked 
|  29|0x0000000583a00000, 0x0000000583a00000, 0x0000000583c00000|  0%| F|  |TAMS 0x0000000583a00000, 0x0000000583a00000| Untracked 
|  30|0x0000000583c00000, 0x0000000583cc8800, 0x0000000583e00000| 39%| S|CS|TAMS 0x0000000583c00000, 0x0000000583c00000| Complete 
|  31|0x0000000583e00000, 0x0000000583e00000, 0x0000000584000000|  0%| F|  |TAMS 0x0000000583e00000, 0x0000000583e00000| Untracked 

Card table byte_map: [0x000000001af30000,0x000000001c330000] _byte_map_base: 0x0000000018330000

Marking Bits (Prev, Next): (CMBitMap*) 0x00000000002d6d58, (CMBitMap*) 0x00000000002d6d90
 Prev Bits: [0x000000001d730000, 0x0000000027730000)
 Next Bits: [0x0000000027730000, 0x0000000031730000)

Polling page: 0x0000000001c60000

Metaspace:

Usage:
  Non-class:      5.49 MB capacity,     5.42 MB ( 99%) used,    61.47 KB (  1%) free+waste,     3.25 KB ( <1%) overhead. 
      Class:    538.00 KB capacity,   527.19 KB ( 98%) used,     9.25 KB (  2%) free+waste,     1.56 KB ( <1%) overhead. 
       Both:      6.01 MB capacity,     5.94 MB ( 99%) used,    70.72 KB (  1%) free+waste,     4.81 KB ( <1%) overhead. 

Virtual space:
  Non-class space:        8.00 MB reserved,       5.50 MB ( 69%) committed 
      Class space:        1.00 GB reserved,     640.00 KB ( <1%) committed 
             Both:        1.01 GB reserved,       6.13 MB ( <1%) committed 

Chunk freelists:
   Non-Class:  1.88 KB
       Class:  768 bytes
        Both:  2.63 KB

CodeHeap 'non-profiled nmethods': size=120064Kb used=54Kb max_used=54Kb free=120009Kb
 bounds [0x0000000012030000, 0x00000000122a0000, 0x0000000019570000]
CodeHeap 'profiled nmethods': size=120000Kb used=238Kb max_used=238Kb free=119761Kb
 bounds [0x000000000ab00000, 0x000000000ad70000, 0x0000000012030000]
CodeHeap 'non-nmethods': size=5696Kb used=1046Kb max_used=1057Kb free=4649Kb
 bounds [0x000000000a570000, 0x000000000a7e0000, 0x000000000ab00000]
 total_blobs=528 nmethods=197 adapters=244
 compilation: enabled
              stopped_count=0, restarted_count=0
 full_count=0

Compilation events (10 events):
Event: 1.254 Thread 0x0000000034a35000  193       3       java.lang.StringLatin1::lastIndexOf (40 bytes)
Event: 1.255 Thread 0x0000000034a35000 nmethod 193 0x000000000ab39810 code [0x000000000ab399e0, 0x000000000ab39d98]
Event: 1.272 Thread 0x0000000034a35000  195       3       java.lang.String::equals (65 bytes)
Event: 1.274 Thread 0x0000000034a35000 nmethod 195 0x000000000ab39f10 code [0x000000000ab3a100, 0x000000000ab3a798]
Event: 1.274 Thread 0x0000000034a35000  194       3       java.lang.System::getSecurityManager (4 bytes)
Event: 1.275 Thread 0x0000000034a35000 nmethod 194 0x000000000ab3a910 code [0x000000000ab3aaa0, 0x000000000ab3ab98]
Event: 1.374 Thread 0x0000000034a35000  196       3       java.lang.String::startsWith (138 bytes)
Event: 1.376 Thread 0x0000000034a35000 nmethod 196 0x000000000ab3ac10 code [0x000000000ab3ae40, 0x000000000ab3b818]
Event: 1.376 Thread 0x00000000349cf000  197       4       java.util.Objects::requireNonNull (14 bytes)
Event: 1.377 Thread 0x00000000349cf000 nmethod 197 0x000000001203d610 code [0x000000001203d7a0, 0x000000001203d7f8]

GC Heap History (2 events):
Event: 1.390 GC heap before
{Heap before GC invocations=0 (full 0):
 garbage-first heap   total 65536K, used 0K [0x0000000580000000, 0x0000000800000000)
  region size 2048K, 1 young (2048K), 0 survivors (0K)
 Metaspace       used 6075K, capacity 6155K, committed 6272K, reserved 1056768K
  class space    used 526K, capacity 538K, committed 640K, reserved 1048576K
}
Event: 1.443 GC heap after
{Heap after GC invocations=1 (full 0):
 garbage-first heap   total 65536K, used 802K [0x0000000580000000, 0x0000000800000000)
  region size 2048K, 1 young (2048K), 1 survivors (2048K)
 Metaspace       used 6075K, capacity 6155K, committed 6272K, reserved 1056768K
  class space    used 526K, capacity 538K, committed 640K, reserved 1048576K
}

Deoptimization events (1 events):
Event: 1.116 Thread 0x000000000023a000 Uncommon trap: reason=unstable_if action=reinterpret pc=0x0000000012039144 method=java.lang.String.equals(Ljava/lang/Object;)Z @ 34 c2

Classes redefined (0 events):
No events

Internal exceptions (0 events):
No events

Events (10 events):
Event: 1.376 loading class jdk/internal/loader/URLClassPath$FileLoader$1 done
Event: 1.379 loading class java/net/InetAddress$2
Event: 1.379 loading class jdk/internal/access/JavaNetInetAddressAccess
Event: 1.379 loading class jdk/internal/access/JavaNetInetAddressAccess done
Event: 1.379 loading class java/io/FileInputStream$1
Event: 1.380 loading class java/io/FileInputStream$1 done
Event: 1.380 Executing VM operation: G1CollectForAllocation
Event: 1.390 loading class java/net/InetAddress$2 done
Event: 1.443 Executing VM operation: G1CollectForAllocation done
Event: 1.740 loading class jdk/internal/vm/VMSupport


Dynamic libraries:
0x000000013f9a0000 - 0x000000013f9af000 	C:\Program Files\Java\jdk-11.0.11\bin\java.exe
0x0000000077020000 - 0x00000000771bf000 	C:\Windows\SYSTEM32\ntdll.dll
0x0000000076e00000 - 0x0000000076f1f000 	C:\Windows\system32\kernel32.dll
0x000007fefcbb0000 - 0x000007fefcc17000 	C:\Windows\system32\KERNELBASE.dll
0x000007fef2000000 - 0x000007fef2018000 	C:\Program Files\Java\jdk-11.0.11\bin\jli.dll
0x000007fefe750000 - 0x000007fefe82b000 	C:\Windows\system32\ADVAPI32.dll
0x000007fefebd0000 - 0x000007fefec6f000 	C:\Windows\system32\msvcrt.dll
0x000007fefe6d0000 - 0x000007fefe6ef000 	C:\Windows\SYSTEM32\sechost.dll
0x000007fefe2b0000 - 0x000007fefe3dc000 	C:\Windows\system32\RPCRT4.dll
0x000007fefbbe0000 - 0x000007fefbdd4000 	C:\Windows\WinSxS\amd64_microsoft.windows.common-controls_6595b64144ccf1df_6.0.7601.18837_none_fa3b1e3d17594757\COMCTL32.dll
0x000007fefd390000 - 0x000007fefd3f7000 	C:\Windows\system32\GDI32.dll
0x0000000076f20000 - 0x000000007701b000 	C:\Windows\system32\USER32.dll
0x000007fefe740000 - 0x000007fefe74e000 	C:\Windows\system32\LPK.dll
0x000007fefeb00000 - 0x000007fefebcb000 	C:\Windows\system32\USP10.dll
0x000007fefe570000 - 0x000007fefe5e1000 	C:\Windows\system32\SHLWAPI.dll
0x000007fefae80000 - 0x000007fefae8c000 	C:\Windows\system32\VERSION.dll
0x000007fef2020000 - 0x000007fef2035000 	C:\Program Files\Java\jdk-11.0.11\bin\VCRUNTIME140.dll
0x000007fef1ff0000 - 0x000007fef1ff4000 	C:\Program Files\Java\jdk-11.0.11\bin\api-ms-win-crt-runtime-l1-1-0.dll
0x000007fee7ce0000 - 0x000007fee7dda000 	C:\Program Files\Java\jdk-11.0.11\bin\ucrtbase.DLL
0x000007fef1fe0000 - 0x000007fef1fe3000 	C:\Program Files\Java\jdk-11.0.11\bin\api-ms-win-core-localization-l1-2-0.dll
0x000007fee7cd0000 - 0x000007fee7cd3000 	C:\Program Files\Java\jdk-11.0.11\bin\api-ms-win-core-processthreads-l1-1-1.dll
0x000007fef1fd0000 - 0x000007fef1fd3000 	C:\Program Files\Java\jdk-11.0.11\bin\api-ms-win-core-file-l1-2-0.dll
0x000007fee7cc0000 - 0x000007fee7cc3000 	C:\Program Files\Java\jdk-11.0.11\bin\api-ms-win-core-timezone-l1-1-0.dll
0x000007fee7cb0000 - 0x000007fee7cb3000 	C:\Program Files\Java\jdk-11.0.11\bin\api-ms-win-core-file-l2-1-0.dll
0x000007fee7ca0000 - 0x000007fee7ca3000 	C:\Program Files\Java\jdk-11.0.11\bin\api-ms-win-core-synch-l1-2-0.dll
0x000007fee7c90000 - 0x000007fee7c93000 	C:\Program Files\Java\jdk-11.0.11\bin\api-ms-win-crt-heap-l1-1-0.dll
0x000007fee7c80000 - 0x000007fee7c84000 	C:\Program Files\Java\jdk-11.0.11\bin\api-ms-win-crt-string-l1-1-0.dll
0x000007fee7c70000 - 0x000007fee7c74000 	C:\Program Files\Java\jdk-11.0.11\bin\api-ms-win-crt-stdio-l1-1-0.dll
0x000007fee7c60000 - 0x000007fee7c64000 	C:\Program Files\Java\jdk-11.0.11\bin\api-ms-win-crt-convert-l1-1-0.dll
0x000007fee7c50000 - 0x000007fee7c53000 	C:\Program Files\Java\jdk-11.0.11\bin\api-ms-win-crt-environment-l1-1-0.dll
0x000007fee7c40000 - 0x000007fee7c43000 	C:\Program Files\Java\jdk-11.0.11\bin\api-ms-win-crt-filesystem-l1-1-0.dll
0x000007fee7c30000 - 0x000007fee7c35000 	C:\Program Files\Java\jdk-11.0.11\bin\api-ms-win-crt-math-l1-1-0.dll
0x000007fee7c20000 - 0x000007fee7c23000 	C:\Program Files\Java\jdk-11.0.11\bin\api-ms-win-crt-locale-l1-1-0.dll
0x000007fefcf90000 - 0x000007fefcfbe000 	C:\Windows\system32\IMM32.DLL
0x000007fefd280000 - 0x000007fefd38b000 	C:\Windows\system32\MSCTF.dll
0x000007fee7a70000 - 0x000007fee7b0b000 	C:\Program Files\Java\jdk-11.0.11\bin\msvcp140.dll
0x000007fee7c10000 - 0x000007fee7c13000 	C:\Program Files\Java\jdk-11.0.11\bin\api-ms-win-crt-time-l1-1-0.dll
0x000007fee7c00000 - 0x000007fee7c03000 	C:\Program Files\Java\jdk-11.0.11\bin\api-ms-win-crt-utility-l1-1-0.dll
0x000007fee4a10000 - 0x000007fee550e000 	C:\Program Files\Java\jdk-11.0.11\bin\server\jvm.dll
0x000007fee8f80000 - 0x000007fee8f89000 	C:\Windows\system32\WSOCK32.dll
0x000007fefe6f0000 - 0x000007fefe73d000 	C:\Windows\system32\WS2_32.dll
0x000007fefec70000 - 0x000007fefec78000 	C:\Windows\system32\NSI.dll
0x000007fef91a0000 - 0x000007fef91db000 	C:\Windows\system32\WINMM.dll
0x00000000771d0000 - 0x00000000771d7000 	C:\Windows\system32\PSAPI.DLL
0x000007fee7bf0000 - 0x000007fee7c00000 	C:\Program Files\Java\jdk-11.0.11\bin\verify.dll
0x000007fef7780000 - 0x000007fef78a5000 	C:\Windows\system32\DBGHELP.DLL
0x000007fee7b80000 - 0x000007fee7ba8000 	C:\Program Files\Java\jdk-11.0.11\bin\java.dll
0x000007fee7be0000 - 0x000007fee7bea000 	C:\Program Files\Java\jdk-11.0.11\bin\jimage.dll
0x000007fee7bd0000 - 0x000007fee7bde000 	C:\Program Files\Java\jdk-11.0.11\bin\instrument.dll
0x000007fee7b60000 - 0x000007fee7b76000 	C:\Program Files\Java\jdk-11.0.11\bin\zip.dll
0x000007fefd400000 - 0x000007fefe18b000 	C:\Windows\system32\SHELL32.dll
0x000007fefcfc0000 - 0x000007fefd1bf000 	C:\Windows\system32\ole32.dll
0x000007fefcb80000 - 0x000007fefcb8f000 	C:\Windows\system32\profapi.dll
0x000007fee7b40000 - 0x000007fee7b59000 	C:\Program Files\Java\jdk-11.0.11\bin\net.dll
0x000007fee8cf0000 - 0x000007fee8d61000 	C:\Windows\system32\WINHTTP.dll
0x000007fef3fc0000 - 0x000007fef4025000 	C:\Windows\system32\webio.dll
0x000007fefc2b0000 - 0x000007fefc305000 	C:\Windows\system32\mswsock.dll
0x000007fefc2a0000 - 0x000007fefc2a7000 	C:\Windows\System32\wship6.dll
0x000007fee7b20000 - 0x000007fee7b32000 	C:\Program Files\Java\jdk-11.0.11\bin\nio.dll
0x000007fee7930000 - 0x000007fee794a000 	C:\Program Files\JetBrains\IntelliJ IDEA Community Edition 2021.1.2\bin\breakgen64.dll

dbghelp: loaded successfully - version: 4.0.5 - missing functions: none
symbol engine: initialized successfully - sym options: 0x614 - pdb path: .;C:\Program Files\Java\jdk-11.0.11\bin;C:\Windows\SYSTEM32;C:\Windows\WinSxS\amd64_microsoft.windows.common-controls_6595b64144ccf1df_6.0.7601.18837_none_fa3b1e3d17594757;C:\Program Files\Java\jdk-11.0.11\bin\server;C:\Program Files\JetBrains\IntelliJ IDEA Community Edition 2021.1.2\bin

VM Arguments:
jvm_args: -Xmx10g -javaagent:C:\Program Files\JetBrains\IntelliJ IDEA Community Edition 2021.1.2\lib\idea_rt.jar=49950:C:\Program Files\JetBrains\IntelliJ IDEA Community Edition 2021.1.2\bin -Dfile.encoding=UTF-8 
java_command: com.metanit.exceptions.Demo2
java_class_path (initial): C:\Users\Администратор\IdeaProjects\Rabota1\target\classes
Launcher Type: SUN_STANDARD

[Global flags]
     intx CICompilerCount                          = 2                                         {product} {ergonomic}
     uint ConcGCThreads                            = 1                                         {product} {ergonomic}
     uint G1ConcRefinementThreads                  = 2                                         {product} {ergonomic}
   size_t G1HeapRegionSize                         = 2097152                                   {product} {ergonomic}
    uintx GCDrainStackTargetSize                   = 64                                        {product} {ergonomic}
   size_t InitialHeapSize                          = 67108864                                  {product} {ergonomic}
   size_t MarkStackSize                            = 4194304                                   {product} {ergonomic}
   size_t MaxHeapSize                              = 10737418240                               {product} {command line}
   size_t MaxNewSize                               = 6442450944                                {product} {ergonomic}
   size_t MinHeapDeltaBytes                        = 2097152                                   {product} {ergonomic}
    uintx NonNMethodCodeHeapSize                   = 5825164                                {pd product} {ergonomic}
    uintx NonProfiledCodeHeapSize                  = 122916538                              {pd product} {ergonomic}
    uintx ProfiledCodeHeapSize                     = 122916538                              {pd product} {ergonomic}
    uintx ReservedCodeCacheSize                    = 251658240                              {pd product} {ergonomic}
     bool SegmentedCodeCache                       = true                                      {product} {ergonomic}
     bool UseCompressedClassPointers               = true                                 {lp64_product} {ergonomic}
     bool UseCompressedOops                        = true                                 {lp64_product} {ergonomic}
     bool UseG1GC                                  = true                                      {product} {ergonomic}
     bool UseLargePagesIndividualAllocation        = false                                  {pd product} {ergonomic}

Logging:
Log output configuration:
 #0: stdout all=warning uptime,level,tags
 #1: stderr all=off uptime,level,tags

Environment Variables:
JAVA_HOME=C:\Program Files\Java\jdk-11.0.11
PATH=C:\Program Files\Common Files\Oracle\Java\javapath;C:\Program Files\Broadcom\Broadcom 802.11 Network Adapter;C:\Windows\system32;C:\Windows;C:\Windows\System32\Wbem;C:\Windows\System32\WindowsPowerShell\v1.0\;C:\Program Files (x86)\Intel\OpenCL SDK\2.0\bin\x86;C:\Program Files (x86)\Intel\OpenCL SDK\2.0\bin\x64;C:\Program Files\Intel\WiFi\bin\;C:\Program Files\Common Files\Intel\WirelessCommon\;C:\Program Files\WIDCOMM\Bluetooth Software\;C:\Program Files\WIDCOMM\Bluetooth Software\syswow64;C:\Program Files (x86)\Skype\Phone\C:\Program Files\Java\jdk-11.0.11\bin;C:\Program Files\Git\cmd
USERNAME=Администратор
OS=Windows_NT
PROCESSOR_IDENTIFIER=Intel64 Family 6 Model 42 Stepping 7, GenuineIntel



---------------  S Y S T E M  ---------------

OS: Windows 7 , 64 bit Build 7601 (6.1.7601.24545)

CPU:total 2 (initial active 2) (2 cores per cpu, 1 threads per core) family 6 model 42 stepping 7 microcode 0x0, cmov, cx8, fxsr, mmx, sse, sse2, sse3, ssse3, sse4.1, sse4.2, popcnt, clmul, tsc, tscinvbit

Memory: 4k page, system-wide physical 3975M (734M free)
TotalPageFile size 12111M (AvailPageFile size 7615M)
current process WorkingSet (physical memory assigned to process): 34M, peak: 34M
current process commit charge ("private bytes"): 153M, peak: 7782M

vm_info: Java HotSpot(TM) 64-Bit Server VM (11.0.11+9-LTS-194) for windows-amd64 JRE (11.0.11+9-LTS-194), built on Mar 18 2021 18:46:53 by "mach5one" with MS VC++ 15.9 (VS2017)

END.
